<?xml version="1.0" encoding="UTF-8"?>
<!-- Generated by org.testng.reporters.JUnitReportReporter -->
<testsuite skipped="0" hostname="CA-L1B8YL72" name="testNBTesing.GoogleSearch_POM2" tests="1" failures="0" timestamp="21 Feb 2019 16:38:36 GMT" time="52.690" errors="0">
  <testcase name="performSearch" time="52.690" classname="testNBTesing.GoogleSearch_POM2"/>
</testsuite> <!-- testNBTesing.GoogleSearch_POM2 -->
