<?xml version="1.0" encoding="UTF-8"?>
<!-- Generated by org.testng.reporters.JUnitReportReporter -->
<testsuite skipped="0" hostname="CA-L1B8YL72" name="testNGTesing.ExtendReportDemo" tests="1" failures="0" timestamp="21 Feb 2019 18:52:05 GMT" time="0.016" errors="0">
  <testcase name="main" time="0.016" classname="testNGTesing.ExtendReportDemo"/>
</testsuite> <!-- testNGTesing.ExtendReportDemo -->
