<?xml version="1.0" encoding="UTF-8"?>
<!-- Generated by org.testng.reporters.JUnitReportReporter -->
<testsuite skipped="0" hostname="CA-L1B8YL72" name="testNGTesing.HeadlessChromeDemo" tests="1" failures="0" timestamp="25 Feb 2019 21:37:59 GMT" time="22.073" errors="0">
  <testcase name="test" time="22.073" classname="testNGTesing.HeadlessChromeDemo"/>
</testsuite> <!-- testNGTesing.HeadlessChromeDemo -->
