<?xml version="1.0" encoding="UTF-8"?>
<!-- Generated by org.testng.reporters.JUnitReportReporter -->
<testsuite skipped="0" hostname="CA-L1B8YL72" name="testNGTesing.Dropdown_eBay" tests="1" failures="0" timestamp="05 Mar 2019 21:45:30 GMT" time="44.163" errors="0">
  <testcase name="main" time="44.163" classname="testNGTesing.Dropdown_eBay"/>
</testsuite> <!-- testNGTesing.Dropdown_eBay -->
