<?xml version="1.0" encoding="UTF-8"?>
<!-- Generated by org.testng.reporters.JUnitReportReporter -->
<testsuite skipped="2" hostname="CA-L1B8YL72" name="testNGTesing.Dropdown_Alert_fileUpload" tests="3" failures="0" timestamp="13 Mar 2019 19:55:00 GMT" time="47.104" errors="0">
  <testcase name="fileUpload" time="47.104" classname="testNGTesing.Dropdown_Alert_fileUpload"/>
  <testcase name="alert_popup" classname="testNGTesing.Dropdown_Alert_fileUpload">
    <skipped/>
  </testcase> <!-- alert_popup -->
  <testcase name="dropdowm" classname="testNGTesing.Dropdown_Alert_fileUpload">
    <skipped/>
  </testcase> <!-- dropdowm -->
</testsuite> <!-- testNGTesing.Dropdown_Alert_fileUpload -->
