<?xml version="1.0" encoding="UTF-8"?>
<!-- Generated by org.testng.reporters.JUnitReportReporter -->
<testsuite skipped="0" hostname="CA-L1B8YL72" name="testNGTesing.AutoitDemo" tests="1" failures="0" timestamp="26 Feb 2019 16:33:09 GMT" time="41.153" errors="0">
  <testcase name="test" time="41.153" classname="testNGTesing.AutoitDemo"/>
</testsuite> <!-- testNGTesing.AutoitDemo -->
