<?xml version="1.0" encoding="UTF-8"?>
<!-- Generated by org.testng.reporters.JUnitReportReporter -->
<testsuite skipped="0" hostname="CA-L1B8YL72" name="TestUtility.ExcelReadWrite" tests="1" failures="0" timestamp="20 Feb 2019 03:02:52 GMT" time="0.951" errors="0">
  <testcase name="ExcelReadNWrite" time="0.951" classname="TestUtility.ExcelReadWrite"/>
</testsuite> <!-- TestUtility.ExcelReadWrite -->
