<?xml version="1.0" encoding="UTF-8"?>
<!-- Generated by org.testng.reporters.JUnitReportReporter -->
<testsuite skipped="3" hostname="CA-L1B8YL72" name="testNBTesing.GoogleTitleTest" tests="4" failures="0" timestamp="20 Feb 2019 21:08:13 GMT" time="42.478" errors="0">
  <testcase name="performSearch" time="42.478" classname="testNBTesing.GoogleTitleTest"/>
  <testcase name="noOfInputElements" classname="testNBTesing.GoogleTitleTest">
    <skipped/>
  </testcase> <!-- noOfInputElements -->
  <testcase name="googleTittleTest" classname="testNBTesing.GoogleTitleTest">
    <skipped/>
  </testcase> <!-- googleTittleTest -->
  <testcase name="googleLogoTest" classname="testNBTesing.GoogleTitleTest">
    <skipped/>
  </testcase> <!-- googleLogoTest -->
</testsuite> <!-- testNBTesing.GoogleTitleTest -->
