<?xml version="1.0" encoding="UTF-8"?>
<!-- Generated by org.testng.reporters.JUnitReportReporter -->
<testsuite skipped="0" hostname="CA-L1B8YL72" name="testNGTesing.ExceptionHandlingDemo" tests="3" failures="0" timestamp="22 Feb 2019 16:44:46 GMT" time="0.036" errors="0">
  <testcase name="test2" time="0.004" classname="testNGTesing.ExceptionHandlingDemo"/>
  <testcase name="test3" time="0.006" classname="testNGTesing.ExceptionHandlingDemo"/>
  <testcase name="test1" time="0.026" classname="testNGTesing.ExceptionHandlingDemo"/>
</testsuite> <!-- testNGTesing.ExceptionHandlingDemo -->
