<?xml version="1.0" encoding="UTF-8"?>
<!-- Generated by org.testng.reporters.JUnitReportReporter -->
<testsuite skipped="0" hostname="CA-L1B8YL72" name="Banking.CoreBanking.DemoTest1" tests="1" failures="0" timestamp="08 Feb 2019 14:30:40 GMT" time="0.026" errors="0">
  <testcase name="sum" time="0.026" classname="Banking.CoreBanking.DemoTest1"/>
</testsuite> <!-- Banking.CoreBanking.DemoTest1 -->
