<?xml version="1.0" encoding="UTF-8"?>
<!-- Generated by org.testng.reporters.JUnitReportReporter -->
<testsuite skipped="0" hostname="CA-L1B8YL72" name="testNBTesing.GoogleTest" tests="6" failures="0" timestamp="11 Feb 2019 16:52:30 GMT" time="106.380" errors="0">
  <testcase name="googleTittleTest" time="19.740" classname="testNBTesing.GoogleTest"/>
  <testcase name="googleLogoTest" time="21.205" classname="testNBTesing.GoogleTest"/>
  <testcase name="maillinkTest" time="18.639" classname="testNBTesing.GoogleTest"/>
  <testcase name="test1" time="14.323" classname="testNBTesing.GoogleTest"/>
  <testcase name="test2" time="15.256" classname="testNBTesing.GoogleTest"/>
  <testcase name="test3" time="17.217" classname="testNBTesing.GoogleTest"/>
</testsuite> <!-- testNBTesing.GoogleTest -->
