<?xml version="1.0" encoding="UTF-8"?>
<!-- Generated by org.testng.reporters.JUnitReportReporter -->
<testsuite skipped="0" hostname="CA-L1B8YL72" name="testNGTesing.HandleWindowPopUp" tests="1" failures="0" timestamp="14 Mar 2019 18:31:24 GMT" time="41.859" errors="0">
  <testcase name="main" time="41.859" classname="testNGTesing.HandleWindowPopUp"/>
</testsuite> <!-- testNGTesing.HandleWindowPopUp -->
