<?xml version="1.0" encoding="UTF-8"?>
<!-- Generated by org.testng.reporters.JUnitReportReporter -->
<testsuite skipped="0" hostname="CA-L1B8YL72" name="testNGTesing.BrowserBackAndForwardButton" tests="1" failures="0" timestamp="14 Mar 2019 17:11:01 GMT" time="64.376" errors="0">
  <testcase name="main" time="64.376" classname="testNGTesing.BrowserBackAndForwardButton"/>
</testsuite> <!-- testNGTesing.BrowserBackAndForwardButton -->
