<?xml version="1.0" encoding="UTF-8"?>
<!-- Generated by org.testng.reporters.JUnitReportReporter -->
<testsuite skipped="0" hostname="CA-L1B8YL72" name="testNBTesing.DDTestusingExcel" tests="1" failures="0" timestamp="20 Feb 2019 20:48:25 GMT" time="0.023" errors="0">
  <testcase name="Test1" time="0.023" classname="testNBTesing.DDTestusingExcel"/>
</testsuite> <!-- testNBTesing.DDTestusingExcel -->
