<?xml version="1.0" encoding="UTF-8"?>
<!-- Generated by org.testng.reporters.JUnitReportReporter -->
<testsuite skipped="0" hostname="CA-L1B8YL72" name="testNGTesing.ScreenShotDemo" tests="1" failures="0" timestamp="28 Feb 2019 16:57:49 GMT" time="44.318" errors="0">
  <testcase name="mainTest" time="44.318" classname="testNGTesing.ScreenShotDemo"/>
</testsuite> <!-- testNGTesing.ScreenShotDemo -->
