<?xml version="1.0" encoding="UTF-8"?>
<!-- Generated by org.testng.reporters.JUnitReportReporter -->
<testsuite skipped="0" hostname="CA-L1B8YL72" name="TestUtility.PropertyFile" tests="1" failures="0" timestamp="22 Feb 2019 02:40:22 GMT" time="0.070" errors="0">
  <testcase name="test" time="0.070" classname="TestUtility.PropertyFile"/>
</testsuite> <!-- TestUtility.PropertyFile -->
