<?xml version="1.0" encoding="UTF-8"?>
<!-- Generated by org.testng.reporters.JUnitReportReporter -->
<testsuite skipped="0" hostname="CA-L1B8YL72" name="testNGTesing.TestNGParametersDemo" tests="2" failures="0" timestamp="25 Feb 2019 16:20:33 GMT" time="0.015" errors="0">
  <testcase name="test1" time="0.015" classname="testNGTesing.TestNGParametersDemo"/>
  <testcase name="test2" time="0.000" classname="testNGTesing.TestNGParametersDemo"/>
</testsuite> <!-- testNGTesing.TestNGParametersDemo -->
