<?xml version="1.0" encoding="UTF-8"?>
<!-- Generated by org.testng.reporters.JUnitReportReporter -->
<testsuite skipped="2" hostname="CA-L1B8YL72" name="testNGTesing.GoogleTest_Priority_Groups_Enabled_Ignore" tests="6" failures="0" timestamp="25 Feb 2019 16:40:00 GMT" time="0.028" errors="0">
  <testcase name="maillinkTest" time="0.008" classname="testNGTesing.GoogleTest_Priority_Groups_Enabled_Ignore"/>
  <testcase name="test4" time="0.004" classname="testNGTesing.GoogleTest_Priority_Groups_Enabled_Ignore"/>
  <testcase name="test5" time="0.004" classname="testNGTesing.GoogleTest_Priority_Groups_Enabled_Ignore"/>
  <testcase name="test6" time="0.012" classname="testNGTesing.GoogleTest_Priority_Groups_Enabled_Ignore"/>
  <testcase name="googleTittleTest" classname="testNGTesing.GoogleTest_Priority_Groups_Enabled_Ignore">
    <skipped/>
  </testcase> <!-- googleTittleTest -->
  <testcase name="googleLogoTest" classname="testNGTesing.GoogleTest_Priority_Groups_Enabled_Ignore">
    <skipped/>
  </testcase> <!-- googleLogoTest -->
</testsuite> <!-- testNGTesing.GoogleTest_Priority_Groups_Enabled_Ignore -->
