<?xml version="1.0" encoding="UTF-8"?>
<!-- Generated by org.testng.reporters.JUnitReportReporter -->
<testsuite skipped="0" hostname="CA-L1B8YL72" name="testNGTesing.customXpathDemo" tests="1" failures="0" timestamp="28 Feb 2019 19:41:24 GMT" time="37.861" errors="0">
  <testcase name="main" time="37.861" classname="testNGTesing.customXpathDemo"/>
</testsuite> <!-- testNGTesing.customXpathDemo -->
