<?xml version="1.0" encoding="UTF-8"?>
<!-- Generated by org.testng.reporters.JUnitReportReporter -->
<testsuite skipped="0" hostname="CA-L1B8YL72" name="testNGTesing.DummyTest" tests="1" failures="0" timestamp="22 Feb 2019 03:06:28 GMT" time="23.055" errors="0">
  <testcase name="main" time="23.055" classname="testNGTesing.DummyTest"/>
</testsuite> <!-- testNGTesing.DummyTest -->
