<?xml version="1.0" encoding="UTF-8"?>
<!-- Generated by org.testng.reporters.JUnitReportReporter -->
<testsuite skipped="0" hostname="CA-L1B8YL72" name="testNGTesing.NoOfLinks" tests="1" failures="0" timestamp="28 Feb 2019 19:48:08 GMT" time="43.688" errors="0">
  <testcase name="main" time="43.688" classname="testNGTesing.NoOfLinks"/>
</testsuite> <!-- testNGTesing.NoOfLinks -->
