<?xml version="1.0" encoding="UTF-8"?>
<!-- Generated by org.testng.reporters.JUnitReportReporter -->
<testsuite skipped="3" hostname="CA-L1B8YL72" name="testNGTesing.DDTestusingExcel_UsingExcelReadWrite_Methods" tests="3" failures="0" timestamp="27 Feb 2019 19:58:56 GMT" time="0.000" errors="0">
  <testcase name="TestReadWriteForEachDataRow" time="0.000" classname="testNGTesing.DDTestusingExcel_UsingExcelReadWrite_Methods">
    <skipped/>
  </testcase> <!-- TestReadWriteForEachDataRow -->
  <testcase name="testWriteExcelDataOnSpecificCell" classname="testNGTesing.DDTestusingExcel_UsingExcelReadWrite_Methods">
    <skipped/>
  </testcase> <!-- testWriteExcelDataOnSpecificCell -->
  <testcase name="testForEachDataRow" classname="testNGTesing.DDTestusingExcel_UsingExcelReadWrite_Methods">
    <skipped/>
  </testcase> <!-- testForEachDataRow -->
</testsuite> <!-- testNGTesing.DDTestusingExcel_UsingExcelReadWrite_Methods -->
