<?xml version="1.0" encoding="UTF-8"?>
<!-- Generated by org.testng.reporters.JUnitReportReporter -->
<testsuite skipped="0" hostname="CA-L1B8YL72" name="testNGTesing.HeadlessChromeOrHtmlUnitDriver" tests="1" failures="0" timestamp="14 Mar 2019 19:29:47 GMT" time="7.125" errors="0">
  <testcase name="test" time="7.125" classname="testNGTesing.HeadlessChromeOrHtmlUnitDriver"/>
</testsuite> <!-- testNGTesing.HeadlessChromeOrHtmlUnitDriver -->
