<?xml version="1.0" encoding="UTF-8"?>
<!-- Generated by org.testng.reporters.JUnitReportReporter -->
<testsuite skipped="0" hostname="CA-L1B8YL72" name="testNGTesing.TestNGFeatures_dependsOn" tests="4" failures="0" timestamp="25 Feb 2019 16:34:38 GMT" time="0.038" errors="0">
  <testcase name="loginTest" time="0.026" classname="testNGTesing.TestNGFeatures_dependsOn"/>
  <testcase name="searchPageTest" time="0.004" classname="testNGTesing.TestNGFeatures_dependsOn"/>
  <testcase name="registrationPageTest" time="0.004" classname="testNGTesing.TestNGFeatures_dependsOn"/>
  <testcase name="homePageTest" time="0.004" classname="testNGTesing.TestNGFeatures_dependsOn"/>
</testsuite> <!-- testNGTesing.TestNGFeatures_dependsOn -->
