<?xml version="1.0" encoding="UTF-8"?>
<!-- Generated by org.testng.reporters.JUnitReportReporter -->
<testsuite skipped="15" hostname="CA-L1B8YL72" name="testNGTesing.JavaScriptExecutorTest" tests="16" failures="0" timestamp="26 Mar 2019 20:45:59 GMT" time="35.189" errors="0">
  <testcase name="writeText" time="35.189" classname="testNGTesing.JavaScriptExecutorTest"/>
  <testcase name="drawBorder" classname="testNGTesing.JavaScriptExecutorTest">
    <skipped/>
  </testcase> <!-- drawBorder -->
  <testcase name="scrollDown" classname="testNGTesing.JavaScriptExecutorTest">
    <skipped/>
  </testcase> <!-- scrollDown -->
  <testcase name="displayDomain" classname="testNGTesing.JavaScriptExecutorTest">
    <skipped/>
  </testcase> <!-- displayDomain -->
  <testcase name="checkBoxTest" classname="testNGTesing.JavaScriptExecutorTest">
    <skipped/>
  </testcase> <!-- checkBoxTest -->
  <testcase name="mouseHoverTest" classname="testNGTesing.JavaScriptExecutorTest">
    <skipped/>
  </testcase> <!-- mouseHoverTest -->
  <testcase name="flashElement" classname="testNGTesing.JavaScriptExecutorTest">
    <skipped/>
  </testcase> <!-- flashElement -->
  <testcase name="scrollDownTillElement" classname="testNGTesing.JavaScriptExecutorTest">
    <skipped/>
  </testcase> <!-- scrollDownTillElement -->
  <testcase name="jsClick" classname="testNGTesing.JavaScriptExecutorTest">
    <skipped/>
  </testcase> <!-- jsClick -->
  <testcase name="navigateToTest" classname="testNGTesing.JavaScriptExecutorTest">
    <skipped/>
  </testcase> <!-- navigateToTest -->
  <testcase name="generateAlertTest" classname="testNGTesing.JavaScriptExecutorTest">
    <skipped/>
  </testcase> <!-- generateAlertTest -->
  <testcase name="displayURL" classname="testNGTesing.JavaScriptExecutorTest">
    <skipped/>
  </testcase> <!-- displayURL -->
  <testcase name="displayPageInnerText" classname="testNGTesing.JavaScriptExecutorTest">
    <skipped/>
  </testcase> <!-- displayPageInnerText -->
  <testcase name="refreshBrowserTest" classname="testNGTesing.JavaScriptExecutorTest">
    <skipped/>
  </testcase> <!-- refreshBrowserTest -->
  <testcase name="displayTitle" classname="testNGTesing.JavaScriptExecutorTest">
    <skipped/>
  </testcase> <!-- displayTitle -->
  <testcase name="scrollDownEOP" classname="testNGTesing.JavaScriptExecutorTest">
    <skipped/>
  </testcase> <!-- scrollDownEOP -->
</testsuite> <!-- testNGTesing.JavaScriptExecutorTest -->
