<?xml version="1.0" encoding="UTF-8"?>
<!-- Generated by org.testng.reporters.JUnitReportReporter -->
<testsuite skipped="0" hostname="CA-L1B8YL72" name="Banking.CoreBanking.OpenFirfixBrowser" tests="3" failures="0" timestamp="11 Feb 2019 15:52:56 GMT" time="108.932" errors="0">
  <testcase name="launchBrowser" time="11.796" classname="Banking.CoreBanking.OpenFirfixBrowser"/>
  <testcase name="openApplication" time="93.579" classname="Banking.CoreBanking.OpenFirfixBrowser"/>
  <testcase name="closeDriver" time="3.557" classname="Banking.CoreBanking.OpenFirfixBrowser"/>
</testsuite> <!-- Banking.CoreBanking.OpenFirfixBrowser -->
