<?xml version="1.0" encoding="UTF-8"?>
<!-- Generated by org.testng.reporters.JUnitReportReporter -->
<testsuite skipped="0" hostname="CA-L1B8YL72" name="testNGTesing.Log4jDemo" tests="2" failures="0" timestamp="22 Feb 2019 02:10:48 GMT" time="0.082" errors="0">
  <testcase name="test1" time="0.023" classname="testNGTesing.Log4jDemo"/>
  <testcase name="test2" time="0.059" classname="testNGTesing.Log4jDemo"/>
</testsuite> <!-- testNGTesing.Log4jDemo -->
