<?xml version="1.0" encoding="UTF-8"?>
<!-- Generated by org.testng.reporters.JUnitReportReporter -->
<testsuite skipped="1" hostname="CA-L1B8YL72" name="testNGTesing.Dropdown_Alert_eBay" tests="2" failures="0" timestamp="13 Mar 2019 19:32:05 GMT" time="49.255" errors="0">
  <testcase name="alert_popup" time="49.255" classname="testNGTesing.Dropdown_Alert_eBay"/>
  <testcase name="dropdowm" classname="testNGTesing.Dropdown_Alert_eBay">
    <skipped/>
  </testcase> <!-- dropdowm -->
</testsuite> <!-- testNGTesing.Dropdown_Alert_eBay -->
