<?xml version="1.0" encoding="UTF-8"?>
<!-- Generated by org.testng.reporters.JUnitReportReporter -->
<testsuite skipped="0" hostname="CA-L1B8YL72" name="testNBTesing.TestNGBasics" tests="2" failures="0" timestamp="21 Feb 2019 17:30:32 GMT" time="0.013" errors="0">
  <testcase name="searchTest" time="0.004" classname="testNBTesing.TestNGBasics"/>
  <testcase name="googleTitleTest" time="0.009" classname="testNBTesing.TestNGBasics"/>
</testsuite> <!-- testNBTesing.TestNGBasics -->
