<?xml version="1.0" encoding="UTF-8"?>
<!-- Generated by org.testng.reporters.JUnitReportReporter -->
<testsuite skipped="1" hostname="CA-L1B8YL72" name="testNGTesing.Implicit_Explicit_Fluent_Wait" tests="2" failures="0" timestamp="14 Mar 2019 17:59:52 GMT" time="48.184" errors="0">
  <testcase name="ExplicitWaitTest" time="48.184" classname="testNGTesing.Implicit_Explicit_Fluent_Wait"/>
  <testcase name="fluentWaitTest" classname="testNGTesing.Implicit_Explicit_Fluent_Wait">
    <skipped/>
  </testcase> <!-- fluentWaitTest -->
</testsuite> <!-- testNGTesing.Implicit_Explicit_Fluent_Wait -->
