<?xml version="1.0" encoding="UTF-8"?>
<!-- Generated by org.testng.reporters.JUnitReportReporter -->
<testsuite skipped="0" hostname="CA-L1B8YL72" name="TestUtility.ExcelReadWrite_Methods" tests="1" failures="0" timestamp="27 Feb 2019 17:44:57 GMT" time="0.777" errors="0">
  <testcase name="mainProgramDummy" time="0.777" classname="TestUtility.ExcelReadWrite_Methods"/>
</testsuite> <!-- TestUtility.ExcelReadWrite_Methods -->
