<?xml version="1.0" encoding="UTF-8"?>
<!-- Generated by org.testng.reporters.JUnitReportReporter -->
<testsuite skipped="1" hostname="CA-L1B8YL72" name="testNGTesing.Frame_TODO_MouseMov_ActionClass" tests="2" failures="0" timestamp="13 Mar 2019 20:58:40 GMT" time="40.217" errors="0">
  <testcase name="dragDropFrame" time="40.217" classname="testNGTesing.Frame_TODO_MouseMov_ActionClass"/>
  <testcase name="mouseMovement" classname="testNGTesing.Frame_TODO_MouseMov_ActionClass">
    <skipped/>
  </testcase> <!-- mouseMovement -->
</testsuite> <!-- testNGTesing.Frame_TODO_MouseMov_ActionClass -->
