<?xml version="1.0" encoding="UTF-8"?>
<!-- Generated by org.testng.reporters.JUnitReportReporter -->
<testsuite skipped="0" hostname="CA-L1B8YL72" name="testNBTesing.TestNGFeatures" tests="1" failures="0" timestamp="11 Feb 2019 17:29:29 GMT" time="0.026" errors="0">
  <testcase name="exceptionExpectedTest" time="0.026" classname="testNBTesing.TestNGFeatures"/>
</testsuite> <!-- testNBTesing.TestNGFeatures -->
