<?xml version="1.0" encoding="UTF-8"?>
<!-- Generated by org.testng.reporters.JUnitReportReporter -->
<testsuite skipped="1" hostname="CA-L1B8YL72" name="testNGTesing.GoogleTest_Priority_Groups_Enabled" tests="5" failures="0" timestamp="25 Feb 2019 16:16:52 GMT" time="0.067" errors="0">
  <testcase name="googleTittleTest" time="0.014" classname="testNGTesing.GoogleTest_Priority_Groups_Enabled"/>
  <testcase name="maillinkTest" time="0.008" classname="testNGTesing.GoogleTest_Priority_Groups_Enabled"/>
  <testcase name="test4" time="0.012" classname="testNGTesing.GoogleTest_Priority_Groups_Enabled"/>
  <testcase name="test6" time="0.033" classname="testNGTesing.GoogleTest_Priority_Groups_Enabled"/>
  <testcase name="googleLogoTest" classname="testNGTesing.GoogleTest_Priority_Groups_Enabled">
    <skipped/>
  </testcase> <!-- googleLogoTest -->
</testsuite> <!-- testNGTesing.GoogleTest_Priority_Groups_Enabled -->
