<?xml version="1.0" encoding="UTF-8"?>
<!-- Generated by org.testng.reporters.JUnitReportReporter -->
<testsuite skipped="0" hostname="CA-L1B8YL72" name="Banking.CoreBanking.DemoTest" tests="3" failures="0" timestamp="08 Feb 2019 14:31:12 GMT" time="0.021" errors="0">
  <testcase name="sum" time="0.018" classname="Banking.CoreBanking.DemoTest"/>
  <testcase name="sub" time="0.001" classname="Banking.CoreBanking.DemoTest"/>
  <testcase name="Mul" time="0.002" classname="Banking.CoreBanking.DemoTest"/>
</testsuite> <!-- Banking.CoreBanking.DemoTest -->
