<?xml version="1.0" encoding="UTF-8"?>
<!-- Generated by org.testng.reporters.JUnitReportReporter -->
<testsuite skipped="0" hostname="CA-L1B8YL72" name="testNBTesing.ParameterTest" tests="1" failures="0" timestamp="12 Feb 2019 22:02:21 GMT" time="17.450" errors="0">
  <testcase name="login" time="17.450" classname="testNBTesing.ParameterTest"/>
</testsuite> <!-- testNBTesing.ParameterTest -->
