<?xml version="1.0" encoding="UTF-8"?>
<!-- Generated by org.testng.reporters.JUnitReportReporter -->
<testsuite skipped="0" hostname="CA-L1B8YL72" name="testNBTesing.GoogleSearch_POM" tests="1" failures="0" timestamp="21 Feb 2019 14:38:38 GMT" time="19.601" errors="0">
  <testcase name="performSearch" time="19.601" classname="testNBTesing.GoogleSearch_POM"/>
</testsuite> <!-- testNBTesing.GoogleSearch_POM -->
