<?xml version="1.0" encoding="UTF-8"?>
<!-- Generated by org.testng.reporters.JUnitReportReporter -->
<testsuite skipped="0" hostname="CA-L1B8YL72" name="testNGTesing.DDTestusingExcel" tests="4" failures="0" timestamp="27 Feb 2019 17:53:28 GMT" time="0.020" errors="0">
  <testcase name="Test1" time="0.005" classname="testNGTesing.DDTestusingExcel"/>
  <testcase name="Test1" time="0.003" classname="testNGTesing.DDTestusingExcel"/>
  <testcase name="Test1" time="0.011" classname="testNGTesing.DDTestusingExcel"/>
  <testcase name="Test1" time="0.001" classname="testNGTesing.DDTestusingExcel"/>
</testsuite> <!-- testNGTesing.DDTestusingExcel -->
